2023-09-06 14:16:07 INFO  Flights UI Automation:83 - Go To Flights App Web Page
2023-09-06 14:16:08 INFO  Flights UI Automation:87 - Verify Flights App Web Page From Title
2023-09-06 14:16:08 INFO  Flights UI Automation:23 - Case 1 : https://flights-app.pages.dev/ 
2023-09-06 14:18:02 INFO  Flights UI Automation:83 - Go To Flights App Web Page
2023-09-06 14:18:03 INFO  Flights UI Automation:87 - Verify Flights App Web Page From Title
2023-09-06 14:18:03 INFO  Flights UI Automation:23 - Case 1 : https://flights-app.pages.dev/ 
2023-09-06 14:21:20 INFO  Flights UI Automation:83 - Go To Flights App Web Page
2023-09-06 14:21:21 INFO  Flights UI Automation:87 - Verify Flights App Web Page From Title
2023-09-06 14:21:21 INFO  Flights UI Automation:23 - Case 1 : https://flights-app.pages.dev/ 
2023-09-06 14:23:23 INFO  Flights UI Automation:83 - Go To Flights App Web Page
2023-09-06 14:23:24 INFO  Flights UI Automation:87 - Verify Flights App Web Page From Title
2023-09-06 14:23:24 INFO  Flights UI Automation:23 - Case 1 : https://flights-app.pages.dev/ 
2023-09-06 14:24:30 INFO  Flights UI Automation:83 - Go To Flights App Web Page
2023-09-06 14:24:31 INFO  Flights UI Automation:87 - Verify Flights App Web Page From Title
2023-09-06 14:24:31 INFO  Flights UI Automation:23 - Case 1 : https://flights-app.pages.dev/ 
2023-09-06 14:29:41 INFO  Flights UI Automation:83 - Go To Flights App Web Page
2023-09-06 14:29:43 INFO  Flights UI Automation:87 - Verify Flights App Web Page From Title
2023-09-06 14:29:43 INFO  Flights UI Automation:23 - Case 1 : https://flights-app.pages.dev/ 
2023-09-06 21:28:09 INFO  Flights UI Automation:83 - Go To Flights App Web Page
2023-09-06 21:28:10 INFO  Flights UI Automation:87 - Verify Flights App Web Page From Title
2023-09-06 21:28:10 INFO  Flights UI Automation:23 - Case 1 : https://flights-app.pages.dev/ 
2023-09-06 21:28:42 INFO  Flights UI Automation:83 - Go To Flights App Web Page
2023-09-06 21:28:54 INFO  Flights UI Automation:87 - Verify Flights App Web Page From Title
2023-09-06 21:28:54 INFO  Flights UI Automation:23 - Case 1 : https://flights-app.pages.dev/ 
2023-09-06 21:29:50 INFO  Flights UI Automation:83 - Go To Flights App Web Page
2023-09-06 21:29:51 INFO  Flights UI Automation:87 - Verify Flights App Web Page From Title
2023-09-06 21:29:51 INFO  Flights UI Automation:23 - Case 1 : https://flights-app.pages.dev/ 
2023-09-06 21:30:00 INFO  Flights UI Automation:83 - Go To Flights App Web Page
2023-09-06 21:30:01 INFO  Flights UI Automation:87 - Verify Flights App Web Page From Title
2023-09-06 21:30:01 INFO  Flights UI Automation:23 - Case 1 : https://flights-app.pages.dev/ 
2023-09-06 21:37:22 INFO  Flights UI Automation:83 - Go To Flights App Web Page
2023-09-06 21:37:24 INFO  Flights UI Automation:87 - Verify Flights App Web Page From Title
2023-09-06 21:37:24 INFO  Flights UI Automation:23 - Case 1 : https://flights-app.pages.dev/ 
2023-09-06 21:39:52 INFO  Flights UI Automation:83 - Go To Flights App Web Page
2023-09-06 21:39:53 INFO  Flights UI Automation:87 - Verify Flights App Web Page From Title
2023-09-06 21:39:53 INFO  Flights UI Automation:23 - Case 1 : https://flights-app.pages.dev/ 
2023-09-06 21:40:32 INFO  Flights UI Automation:83 - Go To Flights App Web Page
2023-09-06 21:40:33 INFO  Flights UI Automation:87 - Verify Flights App Web Page From Title
2023-09-06 21:40:33 INFO  Flights UI Automation:23 - Case 1 : https://flights-app.pages.dev/ 
2023-09-06 21:41:20 INFO  Flights UI Automation:83 - Go To Flights App Web Page
2023-09-06 21:41:21 INFO  Flights UI Automation:87 - Verify Flights App Web Page From Title
2023-09-06 21:41:21 INFO  Flights UI Automation:23 - Case 1 : https://flights-app.pages.dev/ 
2023-09-06 21:41:42 INFO  Flights UI Automation:83 - Go To Flights App Web Page
2023-09-06 21:41:43 INFO  Flights UI Automation:87 - Verify Flights App Web Page From Title
2023-09-06 21:41:43 INFO  Flights UI Automation:23 - Case 1 : https://flights-app.pages.dev/ 
2023-09-06 21:50:18 INFO  Flights UI Automation:83 - Go To Flights App Web Page
2023-09-06 21:50:32 INFO  Flights UI Automation:87 - Verify Flights App Web Page From Title
2023-09-06 21:50:32 INFO  Flights UI Automation:23 - Case 1 : https://flights-app.pages.dev/ 
2023-09-06 21:51:21 INFO  Flights UI Automation:83 - Go To Flights App Web Page
2023-09-06 21:51:22 INFO  Flights UI Automation:87 - Verify Flights App Web Page From Title
2023-09-06 21:51:22 INFO  Flights UI Automation:23 - Case 1 : https://flights-app.pages.dev/ 
2023-09-06 21:53:27 INFO  Flights UI Automation:83 - Go To Flights App Web Page
2023-09-06 21:53:29 INFO  Flights UI Automation:87 - Verify Flights App Web Page From Title
2023-09-06 21:53:29 INFO  Flights UI Automation:23 - Case 1 : https://flights-app.pages.dev/ 
2023-09-06 21:54:01 INFO  Flights UI Automation:83 - Go To Flights App Web Page
2023-09-06 21:54:02 INFO  Flights UI Automation:87 - Verify Flights App Web Page From Title
2023-09-06 21:54:02 INFO  Flights UI Automation:23 - Case 1 : https://flights-app.pages.dev/ 
2023-09-06 21:55:08 INFO  Flights UI Automation:83 - Go To Flights App Web Page
2023-09-06 21:55:09 INFO  Flights UI Automation:87 - Verify Flights App Web Page From Title
2023-09-06 21:55:09 INFO  Flights UI Automation:23 - Case 1 : https://flights-app.pages.dev/ 
2023-09-06 22:16:01 INFO  Flights UI Automation:83 - Go To Flights App Web Page
2023-09-06 22:16:02 INFO  Flights UI Automation:87 - Verify Flights App Web Page From Title
2023-09-06 22:16:02 INFO  Flights UI Automation:49 - Case 2 : https://flights-app.pages.dev/  Check List 
2023-09-06 22:16:23 INFO  Flights UI Automation:83 - Go To Flights App Web Page
2023-09-06 22:16:25 INFO  Flights UI Automation:87 - Verify Flights App Web Page From Title
2023-09-06 22:16:25 INFO  Flights UI Automation:49 - Case 2 : https://flights-app.pages.dev/  Check List 
2023-09-06 22:26:42 INFO  Flights UI Automation:83 - Go To Flights App Web Page
2023-09-06 22:26:43 INFO  Flights UI Automation:87 - Verify Flights App Web Page From Title
2023-09-06 22:26:43 INFO  Flights UI Automation:53 - Case 2 : https://flights-app.pages.dev/  Check List 
2023-09-06 22:27:59 INFO  Flights UI Automation:83 - Go To Flights App Web Page
2023-09-06 22:28:00 INFO  Flights UI Automation:87 - Verify Flights App Web Page From Title
2023-09-06 22:28:00 INFO  Flights UI Automation:53 - Case 2 : https://flights-app.pages.dev/  Check List 
2023-09-06 22:29:41 INFO  Flights UI Automation:83 - Go To Flights App Web Page
2023-09-06 22:29:44 INFO  Flights UI Automation:87 - Verify Flights App Web Page From Title
2023-09-06 22:29:44 INFO  Flights UI Automation:53 - Case 2 : https://flights-app.pages.dev/  Check List 
2023-09-06 23:16:49 INFO  Flights UI Automation:83 - Go To Flights App Web Page
2023-09-06 23:16:50 INFO  Flights UI Automation:87 - Verify Flights App Web Page From Title
2023-09-06 23:16:50 INFO  Flights UI Automation:27 - Case 1 : User enters same values for from and to areas
2023-09-06 23:20:41 INFO  Flights UI Automation:83 - Go To Flights App Web Page
2023-09-06 23:20:42 INFO  Flights UI Automation:87 - Verify Flights App Web Page From Title
2023-09-06 23:20:42 INFO  Flights UI Automation:27 - Case 1 : User enters same values for from and to areas
2023-09-06 23:29:56 INFO  Flights UI Automation:83 - Go To Flights App Web Page
2023-09-06 23:29:57 INFO  Flights UI Automation:87 - Verify Flights App Web Page From Title
2023-09-06 23:29:57 INFO  Flights UI Automation:27 - Case 1 : User enters same values for from and to areas
2023-09-06 23:37:49 INFO  Flights UI Automation:83 - Go To Flights App Web Page
2023-09-06 23:37:50 INFO  Flights UI Automation:87 - Verify Flights App Web Page From Title
2023-09-06 23:37:50 INFO  Flights UI Automation:42 - Case 2 : The user enters different from and to areas. It is seen that the number of flights and flights are listed.
2023-09-06 23:40:23 INFO  Flights UI Automation:83 - Go To Flights App Web Page
2023-09-06 23:40:24 INFO  Flights UI Automation:87 - Verify Flights App Web Page From Title
2023-09-06 23:40:24 INFO  Flights UI Automation:25 - Case 1 : User enters same values for from and to areas
2023-09-06 23:40:30 INFO  Flights UI Automation:35 - Case 1 : User can enters same values for from and to areas. This is bug.
2023-09-06 23:40:33 INFO  Flights UI Automation:83 - Go To Flights App Web Page
2023-09-06 23:40:34 INFO  Flights UI Automation:87 - Verify Flights App Web Page From Title
2023-09-06 23:40:34 INFO  Flights UI Automation:42 - Case 2 : The user enters different from and to areas. It is seen that the number of flights and flights are listed.
2023-09-06 23:45:30 INFO  Flights UI Automation:83 - Go To Flights App Web Page
2023-09-06 23:45:31 INFO  Flights UI Automation:87 - Verify Flights App Web Page From Title
2023-09-06 23:45:31 INFO  Flights UI Automation:42 - Case 2 : The user enters different from and to areas. It is seen that the number of flights and flights are listed.
2023-09-06 23:51:04 INFO  Flights UI Automation:83 - Go To Flights App Web Page
2023-09-06 23:51:05 INFO  Flights UI Automation:87 - Verify Flights App Web Page From Title
2023-09-06 23:51:05 INFO  Flights UI Automation:59 - Case 2 : The user enters different from and to areas. It is seen that the number of flights and flights are not listed.
2023-09-07 10:49:24 INFO  Flights UI Automation:83 - Go To Flights App Web Page
2023-09-07 10:49:25 INFO  Flights UI Automation:87 - Verify Flights App Web Page From Title
2023-09-07 10:49:25 INFO  Flights UI Automation:20 - Case 1 : User enters same values for from and to areas
2023-09-07 10:49:31 INFO  Flights UI Automation:30 - Case 1 : User can enters same values for from and to areas. This is bug.
2023-09-07 10:49:33 INFO  Flights UI Automation:83 - Go To Flights App Web Page
2023-09-07 10:49:34 INFO  Flights UI Automation:87 - Verify Flights App Web Page From Title
2023-09-07 10:49:34 INFO  Flights UI Automation:38 - Case 2 : The user enters different from and to areas. It is seen that the number of flights and flights are listed.
2023-09-07 10:49:43 INFO  Flights UI Automation:83 - Go To Flights App Web Page
2023-09-07 10:49:44 INFO  Flights UI Automation:87 - Verify Flights App Web Page From Title
2023-09-07 10:49:44 INFO  Flights UI Automation:55 - Case 3 : The user enters different from and to areas. It is seen that the number of flights and flights are not listed.
2023-09-07 11:17:44 INFO  Flights UI Automation:83 - Go To Flights App Web Page
2023-09-07 11:17:45 INFO  Flights UI Automation:87 - Verify Flights App Web Page From Title
2023-09-07 11:17:45 INFO  Flights UI Automation:38 - Case 2 : The user enters different from and to areas. It is seen that the number of flights and flights are listed.
2023-09-07 11:19:01 INFO  Flights UI Automation:83 - Go To Flights App Web Page
2023-09-07 11:19:02 INFO  Flights UI Automation:87 - Verify Flights App Web Page From Title
2023-09-07 11:19:02 INFO  Flights UI Automation:54 - Case 3 : The user enters different from and to areas. It is seen that the number of flights and flights are not listed.
2023-09-07 19:56:06 INFO  Flights UI Automation:83 - Go To Flights App Web Page
2023-09-07 19:56:07 INFO  Flights UI Automation:87 - Verify Flights App Web Page From Title
2023-09-07 19:56:07 INFO  Flights UI Automation:20 - Case 1 : User enters same values for from and to areas
2023-09-07 19:56:13 INFO  Flights UI Automation:30 - Case 1 : User can enters same values for from and to areas. This is bug.
2023-09-07 19:56:16 INFO  Flights UI Automation:83 - Go To Flights App Web Page
2023-09-07 19:56:17 INFO  Flights UI Automation:87 - Verify Flights App Web Page From Title
2023-09-07 19:56:17 INFO  Flights UI Automation:38 - Case 2 : The user enters different from and to areas. It is seen that the number of flights and flights are listed.
2023-09-07 19:56:26 INFO  Flights UI Automation:83 - Go To Flights App Web Page
2023-09-07 19:56:27 INFO  Flights UI Automation:87 - Verify Flights App Web Page From Title
2023-09-07 19:56:27 INFO  Flights UI Automation:54 - Case 3 : The user enters different from and to areas. It is seen that the number of flights and flights are not listed.
2023-09-07 20:01:09 INFO  Flights UI Automation:83 - Go To Flights App Web Page
2023-09-07 20:01:09 INFO  Flights UI Automation:87 - Verify Flights App Web Page From Title
2023-09-07 20:01:09 INFO  Flights UI Automation:20 - Case 1 : User enters same values for from and to areas
2023-09-07 20:01:15 INFO  Flights UI Automation:30 - Case 1 : User can enters same values for from and to areas. This is bug.
2023-09-07 20:01:18 INFO  Flights UI Automation:83 - Go To Flights App Web Page
2023-09-07 20:01:19 INFO  Flights UI Automation:87 - Verify Flights App Web Page From Title
2023-09-07 20:01:19 INFO  Flights UI Automation:38 - Case 2 : The user enters different from and to areas. It is seen that the number of flights and flights are listed.
2023-09-07 20:01:27 INFO  Flights UI Automation:83 - Go To Flights App Web Page
2023-09-07 20:01:28 INFO  Flights UI Automation:87 - Verify Flights App Web Page From Title
2023-09-07 20:01:28 INFO  Flights UI Automation:54 - Case 3 : The user enters different from and to areas. It is seen that the number of flights and flights are not listed.
2023-09-07 20:23:26 INFO  Flights UI Automation:83 - Go To Flights App Web Page
2023-09-07 20:23:27 INFO  Flights UI Automation:87 - Verify Flights App Web Page From Title
2023-09-07 20:23:27 INFO  Flights UI Automation:20 - Case 1 : User enters same values for from and to areas
2023-09-07 20:23:32 INFO  Flights UI Automation:30 - Case 1 : User can enters same values for from and to areas. This is bug.
2023-09-07 20:23:35 INFO  Flights UI Automation:83 - Go To Flights App Web Page
2023-09-07 20:23:35 INFO  Flights UI Automation:87 - Verify Flights App Web Page From Title
2023-09-07 20:23:35 INFO  Flights UI Automation:38 - Case 2 : The user enters different from and to areas. It is seen that the number of flights and flights are listed.
2023-09-07 20:23:44 INFO  Flights UI Automation:83 - Go To Flights App Web Page
2023-09-07 20:23:46 INFO  Flights UI Automation:87 - Verify Flights App Web Page From Title
2023-09-07 20:23:46 INFO  Flights UI Automation:54 - Case 3 : The user enters different from and to areas. It is seen that the number of flights and flights are not listed.
